<?xml version="1.0" encoding="UTF-8"?>
<testng-results ignored="0" total="1" passed="1" failed="0" skipped="0">
  <reporter-output>
  </reporter-output>
  <suite started-at="2022-11-21T14:20:19 IST" name="Default suite" finished-at="2022-11-21T14:20:58 IST" duration-ms="39069">
    <groups>
    </groups>
    <test started-at="2022-11-21T14:20:19 IST" name="Default test" finished-at="2022-11-21T14:20:58 IST" duration-ms="39069">
      <class name="Demo.All_test_Cases">
        <test-method signature="main()[pri:0, instance:Demo.All_test_Cases@15eb5ee5]" started-at="2022-11-21T14:20:19 IST" name="main" finished-at="2022-11-21T14:20:58 IST" duration-ms="39037" status="PASS">
          <reporter-output>
          </reporter-output>
        </test-method> <!-- main -->
      </class> <!-- Demo.All_test_Cases -->
    </test> <!-- Default test -->
  </suite> <!-- Default suite -->
</testng-results>
